<?xml version="1.0" encoding="UTF-8"?>
<job xmlns="urn:proactive:jobdescriptor:dev" xmlns:xsi="http://www.w3.org/2001/XMLSchema-instance"
	xsi:schemaLocation="urn:proactive:jobdescriptor:dev http://www.activeeon.com/public_content/schemas/proactive/jobdescriptor/dev/schedulerjob.xsd"
	name="TestJob" priority="normal">
	<description>Test Job</description>
	<taskFlow>
		<task name="TestJobTask">
			<javaExecutable class="functionaltests.jobs.SimpleJob" />
		</task>
	</taskFlow>
</job>
