<?xml version="1.0" encoding="UTF-8"?>
<job xmlns:xsi="http://www.w3.org/2001/XMLSchema-instance" xmlns="urn:proactive:jobdescriptor:3.2"
    xsi:schemaLocation="urn:proactive:jobdescriptor:3.2 http://www.activeeon.com/public_content/schemas/proactive/jobdescriptor/3.2/schedulerjob.xsd"
    name="Jobby" priority="normal" cancelJobOnError="false">
    <variables>
        <variable name="var1" value="defaultvalue"/>
    </variables>
    <taskFlow>
        <task name="Task">
            <scriptExecutable>
                <script>
                    <code language="groovy">
                        <![CDATA[
println variables
]]>
                    </code>
                </script>
            </scriptExecutable>
            <controlFlow block="none"></controlFlow>
        </task>
    </taskFlow>
</job>